<?xml version="1.0" encoding="UTF-8"?>
<!-- Generated by org.testng.reporters.JUnitXMLReporter -->
<testsuite hostname="Leopard" name="Test login" tests="3" failures="1" timestamp="24 Jan 2017 13:36:23 GMT" time="7.116" errors="0">
  <testcase name="testIfCanLogin" time="3.028" classname="POMTest.TestSuite">
    <failure type="java.lang.AssertionError" message="expected [true] but found [false]">
      <![CDATA[java.lang.AssertionError: expected [true] but found [false]
	at POMTest.TestSuite.testIfCanLogin(TestSuite.java:42)
	at com.intellij.rt.execution.application.AppMain.main(AppMain.java:147)
... Removed 31 stack frames]]>
    </failure>
  </testcase> <!-- testIfCanLogin -->
  <testcase name="shouldGiveErrorOnIncorrectPassword" time="0.001" classname="POMTest.TestSuite">
    <skipped/>
  </testcase> <!-- shouldGiveErrorOnIncorrectPassword -->
  <testcase name="shouldGiveErrorOnNotExistingUsername" time="0.0" classname="POMTest.TestSuite"/>
</testsuite> <!-- Test login -->
