<?xml version="1.0" encoding="UTF-8"?>
<testng-results skipped="0" failed="0" total="2" passed="2">
  <reporter-output>
  </reporter-output>
  <suite name="testLogin" duration-ms="92" started-at="2017-01-21T16:39:44Z" finished-at="2017-01-21T16:39:44Z">
    <groups>
    </groups>
    <test name="Testing Parameterization" duration-ms="92" started-at="2017-01-21T16:39:44Z" finished-at="2017-01-21T16:39:44Z">
      <class name="BeehiveTest.TestParameters">
        <test-method status="PASS" signature="testCaseOne(java.lang.String)[pri:0, instance:BeehiveTest.TestParameters@3c5a99da]" name="testCaseOne" duration-ms="71" started-at="2017-01-21T17:39:44Z" finished-at="2017-01-21T17:39:44Z">
          <params>
            <param index="0">
              <value>
                <![CDATA[Firefox]]>
              </value>
            </param>
          </params>
          <reporter-output>
          </reporter-output>
        </test-method> <!-- testCaseOne -->
        <test-method status="PASS" signature="testCaseTwo(java.lang.String, java.lang.String)[pri:0, instance:BeehiveTest.TestParameters@3c5a99da]" name="testCaseTwo" duration-ms="0" started-at="2017-01-21T17:39:44Z" finished-at="2017-01-21T17:39:44Z">
          <params>
            <param index="0">
              <value>
                <![CDATA[testLogin]]>
              </value>
            </param>
            <param index="1">
              <value>
                <![CDATA[Hoi]]>
              </value>
            </param>
          </params>
          <reporter-output>
          </reporter-output>
        </test-method> <!-- testCaseTwo -->
      </class> <!-- BeehiveTest.TestParameters -->
    </test> <!-- Testing Parameterization -->
  </suite> <!-- testLogin -->
</testng-results>
